# JRE version: OpenJDK Runtime Environment (8.0_212-b03) (build 1.8.0_212-8u212-b03-0ubuntu1.18.04.1-b03)
# Java VM: OpenJDK 64-Bit Server VM (25.212-b03 mixed mode linux-amd64 compressed oops)
Heap:
 PSYoungGen      total 233984K, used 10230K [0x00000000d6e00000, 0x00000000e7780000, 0x0000000100000000)
  eden space 223744K, 0% used [0x00000000d6e00000,0x00000000d6e00000,0x00000000e4880000)
  from space 10240K, 99% used [0x00000000e6380000,0x00000000e6d7d858,0x00000000e6d80000)
  to   space 7168K, 0% used [0x00000000e7080000,0x00000000e7080000,0x00000000e7780000)
 ParOldGen       total 49152K, used 15468K [0x0000000084a00000, 0x0000000087a00000, 0x00000000d6e00000)
  object space 49152K, 31% used [0x0000000084a00000,0x000000008591b160,0x0000000087a00000)
 Metaspace       used 31518K, capacity 32982K, committed 33152K, reserved 1077248K
  class space    used 4185K, capacity 4473K, committed 4480K, reserved 1048576K
GC Heap History (10 events):
Event: 1.276 GC heap after
Heap after GC invocations=3 (full 0):
 PSYoungGen      total 68608K, used 5089K [0x00000000d6e00000, 0x00000000df400000, 0x0000000100000000)
  eden space 63488K, 0% used [0x00000000d6e00000,0x00000000d6e00000,0x00000000dac00000)
  from space 5120K, 99% used [0x00000000dac00000,0x00000000db0f8400,0x00000000db100000)
  to   space 5120K, 0% used [0x00000000def00000,0x00000000def00000,0x00000000df400000)
 ParOldGen       total 84992K, used 3931K [0x0000000084a00000, 0x0000000089d00000, 0x00000000d6e00000)
  object space 84992K, 4% used [0x0000000084a00000,0x0000000084dd6da8,0x0000000089d00000)
 Metaspace       used 14734K, capacity 15204K, committed 15360K, reserved 1062912K
  class space    used 1888K, capacity 2029K, committed 2048K, reserved 1048576K
}
Event: 1.527 GC heap before
{Heap before GC invocations=4 (full 0):
 PSYoungGen      total 68608K, used 68577K [0x00000000d6e00000, 0x00000000df400000, 0x0000000100000000)
  eden space 63488K, 100% used [0x00000000d6e00000,0x00000000dac00000,0x00000000dac00000)
  from space 5120K, 99% used [0x00000000dac00000,0x00000000db0f8400,0x00000000db100000)
  to   space 5120K, 0% used [0x00000000def00000,0x00000000def00000,0x00000000df400000)
 ParOldGen       total 84992K, used 3931K [0x0000000084a00000, 0x0000000089d00000, 0x00000000d6e00000)
  object space 84992K, 4% used [0x0000000084a00000,0x0000000084dd6da8,0x0000000089d00000)
 Metaspace       used 19632K, capacity 20184K, committed 20480K, reserved 1067008K
  class space    used 2549K, capacity 2725K, committed 2816K, reserved 1048576K
Event: 1.563 GC heap after
Heap after GC invocations=4 (full 0):
 PSYoungGen      total 132096K, used 5089K [0x00000000d6e00000, 0x00000000df400000, 0x0000000100000000)
  eden space 126976K, 0% used [0x00000000d6e00000,0x00000000d6e00000,0x00000000dea00000)
  from space 5120K, 99% used [0x00000000def00000,0x00000000df3f87d8,0x00000000df400000)
  to   space 5120K, 0% used [0x00000000dea00000,0x00000000dea00000,0x00000000def00000)
 ParOldGen       total 84992K, used 8489K [0x0000000084a00000, 0x0000000089d00000, 0x00000000d6e00000)
  object space 84992K, 9% used [0x0000000084a00000,0x000000008524a668,0x0000000089d00000)
 Metaspace       used 19632K, capacity 20184K, committed 20480K, reserved 1067008K
  class space    used 2549K, capacity 2725K, committed 2816K, reserved 1048576K
}
Event: 1.601 GC heap before
{Heap before GC invocations=5 (full 0):
 PSYoungGen      total 132096K, used 11725K [0x00000000d6e00000, 0x00000000df400000, 0x0000000100000000)
  eden space 126976K, 5% used [0x00000000d6e00000,0x00000000d747ae38,0x00000000dea00000)
  from space 5120K, 99% used [0x00000000def00000,0x00000000df3f87d8,0x00000000df400000)
  to   space 5120K, 0% used [0x00000000dea00000,0x00000000dea00000,0x00000000def00000)
 ParOldGen       total 84992K, used 8489K [0x0000000084a00000, 0x0000000089d00000, 0x00000000d6e00000)
  object space 84992K, 9% used [0x0000000084a00000,0x000000008524a668,0x0000000089d00000)
 Metaspace       used 20561K, capacity 21128K, committed 21296K, reserved 1067008K
  class space    used 2648K, capacity 2825K, committed 2944K, reserved 1048576K
Event: 1.613 GC heap after
Heap after GC invocations=5 (full 0):
 PSYoungGen      total 132096K, used 5089K [0x00000000d6e00000, 0x00000000e7b00000, 0x0000000100000000)
  eden space 126976K, 0% used [0x00000000d6e00000,0x00000000d6e00000,0x00000000dea00000)
  from space 5120K, 99% used [0x00000000dea00000,0x00000000deef87f8,0x00000000def00000)
  to   space 10752K, 0% used [0x00000000e7080000,0x00000000e7080000,0x00000000e7b00000)
 ParOldGen       total 84992K, used 9056K [0x0000000084a00000, 0x0000000089d00000, 0x00000000d6e00000)
  object space 84992K, 10% used [0x0000000084a00000,0x00000000852d82e0,0x0000000089d00000)
 Metaspace       used 20561K, capacity 21128K, committed 21296K, reserved 1067008K
  class space    used 2648K, capacity 2825K, committed 2944K, reserved 1048576K
}
Event: 1.613 GC heap before
{Heap before GC invocations=6 (full 1):
 PSYoungGen      total 132096K, used 5089K [0x00000000d6e00000, 0x00000000e7b00000, 0x0000000100000000)
  eden space 126976K, 0% used [0x00000000d6e00000,0x00000000d6e00000,0x00000000dea00000)
  from space 5120K, 99% used [0x00000000dea00000,0x00000000deef87f8,0x00000000def00000)
  to   space 10752K, 0% used [0x00000000e7080000,0x00000000e7080000,0x00000000e7b00000)
 ParOldGen       total 84992K, used 9056K [0x0000000084a00000, 0x0000000089d00000, 0x00000000d6e00000)
  object space 84992K, 10% used [0x0000000084a00000,0x00000000852d82e0,0x0000000089d00000)
 Metaspace       used 20561K, capacity 21128K, committed 21296K, reserved 1067008K
  class space    used 2648K, capacity 2825K, committed 2944K, reserved 1048576K
Event: 1.657 GC heap after
Heap after GC invocations=6 (full 1):
 PSYoungGen      total 132096K, used 0K [0x00000000d6e00000, 0x00000000e7b00000, 0x0000000100000000)
  eden space 126976K, 0% used [0x00000000d6e00000,0x00000000d6e00000,0x00000000dea00000)
  from space 5120K, 0% used [0x00000000dea00000,0x00000000dea00000,0x00000000def00000)
  to   space 10752K, 0% used [0x00000000e7080000,0x00000000e7080000,0x00000000e7b00000)
 ParOldGen       total 49152K, used 5747K [0x0000000084a00000, 0x0000000087a00000, 0x00000000d6e00000)
  object space 49152K, 11% used [0x0000000084a00000,0x0000000084f9cd88,0x0000000087a00000)
 Metaspace       used 20561K, capacity 21128K, committed 21296K, reserved 1067008K
  class space    used 2648K, capacity 2825K, committed 2944K, reserved 1048576K
}
Event: 2.537 GC heap before
{Heap before GC invocations=7 (full 1):
 PSYoungGen      total 132096K, used 126976K [0x00000000d6e00000, 0x00000000e7b00000, 0x0000000100000000)
  eden space 126976K, 100% used [0x00000000d6e00000,0x00000000dea00000,0x00000000dea00000)
  from space 5120K, 0% used [0x00000000dea00000,0x00000000dea00000,0x00000000def00000)
  to   space 10752K, 0% used [0x00000000e7080000,0x00000000e7080000,0x00000000e7b00000)
 ParOldGen       total 49152K, used 5747K [0x0000000084a00000, 0x0000000087a00000, 0x00000000d6e00000)
  object space 49152K, 11% used [0x0000000084a00000,0x0000000084f9cd88,0x0000000087a00000)
 Metaspace       used 24140K, capacity 25010K, committed 25216K, reserved 1071104K
  class space    used 3165K, capacity 3387K, committed 3456K, reserved 1048576K
Event: 2.547 GC heap after
Heap after GC invocations=7 (full 1):
 PSYoungGen      total 230912K, used 6830K [0x00000000d6e00000, 0x00000000e7780000, 0x0000000100000000)
  eden space 223744K, 0% used [0x00000000d6e00000,0x00000000d6e00000,0x00000000e4880000)
  from space 7168K, 95% used [0x00000000e7080000,0x00000000e772ba48,0x00000000e7780000)
  to   space 10240K, 0% used [0x00000000e6380000,0x00000000e6380000,0x00000000e6d80000)
 ParOldGen       total 49152K, used 5755K [0x0000000084a00000, 0x0000000087a00000, 0x00000000d6e00000)
  object space 49152K, 11% used [0x0000000084a00000,0x0000000084f9ed88,0x0000000087a00000)
 Metaspace       used 24140K, capacity 25010K, committed 25216K, reserved 1071104K
  class space    used 3165K, capacity 3387K, committed 3456K, reserved 1048576K
}
Event: 4.319 GC heap before
{Heap before GC invocations=8 (full 1):
 PSYoungGen      total 230912K, used 230574K [0x00000000d6e00000, 0x00000000e7780000, 0x0000000100000000)
  eden space 223744K, 100% used [0x00000000d6e00000,0x00000000e4880000,0x00000000e4880000)
  from space 7168K, 95% used [0x00000000e7080000,0x00000000e772ba48,0x00000000e7780000)
  to   space 10240K, 0% used [0x00000000e6380000,0x00000000e6380000,0x00000000e6d80000)
 ParOldGen       total 49152K, used 5755K [0x0000000084a00000, 0x0000000087a00000, 0x00000000d6e00000)
  object space 49152K, 11% used [0x0000000084a00000,0x0000000084f9ed88,0x0000000087a00000)
 Metaspace       used 31518K, capacity 32982K, committed 33152K, reserved 1077248K
  class space    used 4185K, capacity 4473K, committed 4480K, reserved 1048576K

